#
# A fatal error has been detected by the Java Runtime Environment:
#
#  EXCEPTION_ACCESS_VIOLATION (0xc0000005) at pc=0x00000000029779f3, pid=3892, tid=0x0000000000002b54
#
# JRE version: Java(TM) SE Runtime Environment (8.0_211-b12) (build 1.8.0_211-b12)
# Java VM: Java HotSpot(TM) 64-Bit Server VM (25.211-b12 mixed mode windows-amd64 compressed oops)
# Problematic frame:
# J 1874 C2 com.paulgeorge.neat.Genome.calculateDistance(Lcom/paulgeorge/neat/Genome;Lcom/paulgeorge/neat/Genome;FFF)F (378 bytes) @ 0x00000000029779f3 [0x00000000029772a0+0x753]
#
# Failed to write core dump. Minidumps are not enabled by default on client versions of Windows
#
# If you would like to submit a bug report, please visit:
#   http://bugreport.java.com/bugreport/crash.jsp
#

---------------  T H R E A D  ---------------

Current thread (0x00000000023de000):  JavaThread "main" [_thread_in_Java, id=11092, stack(0x0000000002050000,0x0000000002150000)]

siginfo: ExceptionCode=0xc0000005, reading address 0x00000007f2de20e0

Registers:
RAX=0x000000076f98b2d0, RBX=0x00000000f65bc403, RCX=0x00000000fe5bc419, RDX=0x00000007b2c10b40
RSP=0x000000000214f290, RBP=0x00000000f5ea8291, RSI=0x0000000000000000, RDI=0x00000007b2de1d58
R8 =0x00000000f5ee11b2, R9 =0x00000007b2de1fc0, R10=0x00000000fe5bc419, R11=0x00000000f65bc3ab
R12=0x0000000000000000, R13=0x00000007b2c10b40, R14=0x0000000000000dc0, R15=0x00000000023de000
RIP=0x00000000029779f3, EFLAGS=0x0000000000010246

Top of Stack: (sp=0x000000000214f290)
0x000000000214f290:   f65bc3ab00000001 00000007b2de1d58
0x000000000214f2a0:   3f8000003f800000 0004f6b43f4ccccd
0x000000000214f2b0:   000000000004f6b4 00000007b2de1ff8
0x000000000214f2c0:   f5ea8291f65bc3f8 000000076f97e1c0
0x000000000214f2d0:   bc84c080f5fbf9ad 00000dbf00052221
0x000000000214f2e0:   000000076f98b2d0 f658216cf65bc3f8
0x000000000214f2f0:   00000007b2c10b60 000000076f939f60
0x000000000214f300:   00000007b2c10b40 00000007af541468
0x000000000214f310:   00000d1600000000 0000004143a51d10
0x000000000214f320:   00000007b2de1d58 00000007c0011570
0x000000000214f330:   0000000000000030 000000000214f460
0x000000000214f340:   00000006c0e05988 0000000002b0cf60
0x000000000214f350:   0000000100000005 00000006c0c1b368
0x000000000214f360:   00000006c0c303b0 00000006c0c320c8
0x000000000214f370:   00000006c0fc3f10 00000006c0c1ad18
0x000000000214f380:   00000007c00aa330 00000007c0002868 

Instructions: (pc=0x00000000029779f3)
0x00000000029779d3:   74 38 48 89 7c 24 08 45 8b 54 dc 18 45 85 d2 75
0x00000000029779e3:   09 4d 8d 14 dc eb 16 44 8b d1 85 05 0d 86 7d ff
0x00000000029779f3:   43 8b 4c d4 18 85 c9 75 ee 49 c1 e2 03 4c 89 94
0x0000000002977a03:   24 90 00 00 00 e9 fc fc ff ff 47 8b 54 dc 20 45 


Register to memory mapping:

RAX=0x000000076f98b2d0 is an oop
java.lang.Integer 
 - klass: 'java/lang/Integer'
RBX=0x00000000f65bc403 is an unknown value
RCX=0x00000000fe5bc419 is an unknown value
RDX=0x00000007b2c10b40 is an oop
com.paulgeorge.neat.Genome 
 - klass: 'com/paulgeorge/neat/Genome'
RSP=0x000000000214f290 is pointing into the stack for thread: 0x00000000023de000
RBP=0x00000000f5ea8291 is an unknown value
RSI=0x0000000000000000 is an unknown value
RDI=0x00000007b2de1d58 is an oop
java.util.TreeMap$Entry 
 - klass: 'java/util/TreeMap$Entry'
R8 =0x00000000f5ee11b2 is an unknown value
R9 =0x00000007b2de1fc0 is an oop
java.util.TreeMap$Entry 
 - klass: 'java/util/TreeMap$Entry'
R10=0x00000000fe5bc419 is an unknown value
R11=0x00000000f65bc3ab is an unknown value
R12=0x0000000000000000 is an unknown value
R13=0x00000007b2c10b40 is an oop
com.paulgeorge.neat.Genome 
 - klass: 'com/paulgeorge/neat/Genome'
R14=0x0000000000000dc0 is an unknown value
R15=0x00000000023de000 is a thread


Stack: [0x0000000002050000,0x0000000002150000],  sp=0x000000000214f290,  free space=1020k
Native frames: (J=compiled Java code, j=interpreted, Vv=VM code, C=native code)
C  0x00000000029779f3


---------------  P R O C E S S  ---------------

Java Threads: ( => current thread )
  0x00000000217da800 JavaThread "D3D Screen Updater" daemon [_thread_blocked, id=10452, stack(0x0000000029210000,0x0000000029310000)]
  0x000000001f210000 JavaThread "Thread-3" [_thread_blocked, id=3096, stack(0x0000000029110000,0x0000000029210000)]
  0x000000001f0d9800 JavaThread "AWT-EventQueue-0" [_thread_blocked, id=8464, stack(0x00000000200a0000,0x00000000201a0000)]
  0x000000001f0d7800 JavaThread "AWT-Windows" daemon [_thread_in_native, id=8868, stack(0x000000001fee0000,0x000000001ffe0000)]
  0x000000001f0d6800 JavaThread "AWT-Shutdown" [_thread_blocked, id=13388, stack(0x000000001fde0000,0x000000001fee0000)]
  0x000000001f0d6000 JavaThread "Java2D Disposer" daemon [_thread_blocked, id=2036, stack(0x000000001fce0000,0x000000001fde0000)]
  0x000000001ee9c000 JavaThread "TimerQueue" daemon [_thread_blocked, id=11672, stack(0x000000001fbe0000,0x000000001fce0000)]
  0x000000001de27000 JavaThread "Service Thread" daemon [_thread_blocked, id=15120, stack(0x000000001e960000,0x000000001ea60000)]
  0x000000001ddaf000 JavaThread "C1 CompilerThread3" daemon [_thread_blocked, id=16748, stack(0x000000001e860000,0x000000001e960000)]
  0x000000001dda5000 JavaThread "C2 CompilerThread2" daemon [_thread_blocked, id=14660, stack(0x000000001e760000,0x000000001e860000)]
  0x000000001dda0000 JavaThread "C2 CompilerThread1" daemon [_thread_blocked, id=13224, stack(0x000000001e660000,0x000000001e760000)]
  0x000000001dd9c000 JavaThread "C2 CompilerThread0" daemon [_thread_blocked, id=2304, stack(0x000000001e560000,0x000000001e660000)]
  0x000000001dd98000 JavaThread "Attach Listener" daemon [_thread_blocked, id=4380, stack(0x000000001e460000,0x000000001e560000)]
  0x000000001dd97000 JavaThread "Signal Dispatcher" daemon [_thread_blocked, id=4216, stack(0x000000001e360000,0x000000001e460000)]
  0x000000001dd90800 JavaThread "Finalizer" daemon [_thread_blocked, id=5684, stack(0x000000001e170000,0x000000001e270000)]
  0x00000000022e7800 JavaThread "Reference Handler" daemon [_thread_blocked, id=9648, stack(0x000000001dc70000,0x000000001dd70000)]
=>0x00000000023de000 JavaThread "main" [_thread_in_Java, id=11092, stack(0x0000000002050000,0x0000000002150000)]

Other Threads:
  0x000000001be8a000 VMThread [stack: 0x000000001db70000,0x000000001dc70000] [id=14244]
  0x000000001de51800 WatcherThread [stack: 0x000000001ea60000,0x000000001eb60000] [id=12460]

VM state:not at safepoint (normal execution)

VM Mutex/Monitor currently owned by a thread: None

heap address: 0x00000006c0c00000, size: 4084 MB, Compressed Oops mode: Zero based, Oop shift amount: 3
Narrow klass base: 0x0000000000000000, Narrow klass shift: 3
Compressed class space size: 1073741824 Address: 0x00000007c0000000

Heap:
 PSYoungGen      total 1226240K, used 176193K [0x000000076af00000, 0x00000007c0000000, 0x00000007c0000000)
  eden space 1115648K, 7% used [0x000000076af00000,0x0000000770628468,0x00000007af080000)
  from space 110592K, 78% used [0x00000007af080000,0x00000007b4568000,0x00000007b5c80000)
  to   space 112640K, 0% used [0x00000007b9200000,0x00000007b9200000,0x00000007c0000000)
 ParOldGen       total 225280K, used 141350K [0x00000006c0c00000, 0x00000006ce800000, 0x000000076af00000)
  object space 225280K, 62% used [0x00000006c0c00000,0x00000006c9609ba0,0x00000006ce800000)
 Metaspace       used 20763K, capacity 20992K, committed 21296K, reserved 1067008K
  class space    used 2804K, capacity 2895K, committed 2944K, reserved 1048576K

Card table byte_map: [0x00000000117a0000,0x0000000011fa0000] byte_map_base: 0x000000000e19a000

Marking Bits: (ParMarkBitMap*) 0x000000006e845ce0
 Begin Bits: [0x0000000012d00000, 0x0000000016cd0000)
 End Bits:   [0x0000000016cd0000, 0x000000001aca0000)

Polling page: 0x0000000002150000

CodeCache: size=245760Kb used=6496Kb max_used=7701Kb free=239263Kb
 bounds [0x00000000023e0000, 0x0000000002b70000, 0x00000000113e0000]
 total_blobs=2604 nmethods=2008 adapters=508
 compilation: enabled

Compilation events (10 events):
Event: 1468.501 Thread 0x000000001dda0000 2393       4       com.paulgeorge.neat.Evaluator::getSpeciesSize (10 bytes)
Event: 1468.501 Thread 0x000000001dda0000 nmethod 2393 0x0000000002807e10 code [0x0000000002807f60, 0x0000000002807ff8]
Event: 2496.327 Thread 0x000000001ddaf000 2394 % !   3       javax.swing.TimerQueue::run @ 9 (242 bytes)
Event: 2496.329 Thread 0x000000001ddaf000 nmethod 2394% 0x0000000002a09210 code [0x0000000002a095e0, 0x0000000002a0b8b8]
Event: 2496.799 Thread 0x000000001ddaf000 2395 %     3       java.awt.EventDispatchThread::pumpEventsForFilter @ 10 (47 bytes)
Event: 2496.799 Thread 0x000000001ddaf000 nmethod 2395% 0x00000000025b3550 code [0x00000000025b3720, 0x00000000025b3d18]
Event: 2538.576 Thread 0x000000001ddaf000 2396   !   3       javax.swing.TimerQueue::run (242 bytes)
Event: 2538.577 Thread 0x000000001ddaf000 nmethod 2396 0x00000000027d4650 code [0x00000000027d4a20, 0x00000000027d6b78]
Event: 2539.028 Thread 0x000000001ddaf000 2397       3       java.awt.EventDispatchThread::pumpEventsForFilter (47 bytes)
Event: 2539.028 Thread 0x000000001ddaf000 nmethod 2397 0x00000000027c9250 code [0x00000000027c9400, 0x00000000027c9918]

GC Heap History (10 events):
Event: 2848.032 GC heap before
{Heap before GC invocations=1314 (full 17):
 PSYoungGen      total 1273344K, used 1243008K [0x000000076af00000, 0x00000007bff00000, 0x00000007c0000000)
  eden space 1156096K, 100% used [0x000000076af00000,0x00000007b1800000,0x00000007b1800000)
  from space 117248K, 74% used [0x00000007b8c80000,0x00000007be160000,0x00000007bff00000)
  to   space 118272K, 0% used [0x00000007b1800000,0x00000007b1800000,0x00000007b8b80000)
 ParOldGen       total 225280K, used 141350K [0x00000006c0c00000, 0x00000006ce800000, 0x000000076af00000)
  object space 225280K, 62% used [0x00000006c0c00000,0x00000006c9609ba0,0x00000006ce800000)
 Metaspace       used 20763K, capacity 20992K, committed 21296K, reserved 1067008K
  class space    used 2804K, capacity 2895K, committed 2944K, reserved 1048576K
Event: 2848.068 GC heap after
Heap after GC invocations=1314 (full 17):
 PSYoungGen      total 1230336K, used 73952K [0x000000076af00000, 0x00000007bfa00000, 0x00000007c0000000)
  eden space 1156096K, 0% used [0x000000076af00000,0x000000076af00000,0x00000007b1800000)
  from space 74240K, 99% used [0x00000007b1800000,0x00000007b6038000,0x00000007b6080000)
  to   space 114688K, 0% used [0x00000007b8a00000,0x00000007b8a00000,0x00000007bfa00000)
 ParOldGen       total 225280K, used 141350K [0x00000006c0c00000, 0x00000006ce800000, 0x000000076af00000)
  object space 225280K, 62% used [0x00000006c0c00000,0x00000006c9609ba0,0x00000006ce800000)
 Metaspace       used 20763K, capacity 20992K, committed 21296K, reserved 1067008K
  class space    used 2804K, capacity 2895K, committed 2944K, reserved 1048576K
}
Event: 2852.097 GC heap before
{Heap before GC invocations=1315 (full 17):
 PSYoungGen      total 1230336K, used 1230048K [0x000000076af00000, 0x00000007bfa00000, 0x00000007c0000000)
  eden space 1156096K, 100% used [0x000000076af00000,0x00000007b1800000,0x00000007b1800000)
  from space 74240K, 99% used [0x00000007b1800000,0x00000007b6038000,0x00000007b6080000)
  to   space 114688K, 0% used [0x00000007b8a00000,0x00000007b8a00000,0x00000007bfa00000)
 ParOldGen       total 225280K, used 141350K [0x00000006c0c00000, 0x00000006ce800000, 0x000000076af00000)
  object space 225280K, 62% used [0x00000006c0c00000,0x00000006c9609ba0,0x00000006ce800000)
 Metaspace       used 20763K, capacity 20992K, committed 21296K, reserved 1067008K
  class space    used 2804K, capacity 2895K, committed 2944K, reserved 1048576K
Event: 2852.131 GC heap after
Heap after GC invocations=1315 (full 17):
 PSYoungGen      total 1273856K, used 59456K [0x000000076af00000, 0x00000007c0000000, 0x00000007c0000000)
  eden space 1159168K, 0% used [0x000000076af00000,0x000000076af00000,0x00000007b1b00000)
  from space 114688K, 51% used [0x00000007b8a00000,0x00000007bc410000,0x00000007bfa00000)
  to   space 113664K, 0% used [0x00000007b1b00000,0x00000007b1b00000,0x00000007b8a00000)
 ParOldGen       total 225280K, used 141350K [0x00000006c0c00000, 0x00000006ce800000, 0x000000076af00000)
  object space 225280K, 62% used [0x00000006c0c00000,0x00000006c9609ba0,0x00000006ce800000)
 Metaspace       used 20763K, capacity 20992K, committed 21296K, reserved 1067008K
  class space    used 2804K, capacity 2895K, committed 2944K, reserved 1048576K
}
Event: 2856.237 GC heap before
{Heap before GC invocations=1316 (full 17):
 PSYoungGen      total 1273856K, used 1218624K [0x000000076af00000, 0x00000007c0000000, 0x00000007c0000000)
  eden space 1159168K, 100% used [0x000000076af00000,0x00000007b1b00000,0x00000007b1b00000)
  from space 114688K, 51% used [0x00000007b8a00000,0x00000007bc410000,0x00000007bfa00000)
  to   space 113664K, 0% used [0x00000007b1b00000,0x00000007b1b00000,0x00000007b8a00000)
 ParOldGen       total 225280K, used 141350K [0x00000006c0c00000, 0x00000006ce800000, 0x000000076af00000)
  object space 225280K, 62% used [0x00000006c0c00000,0x00000006c9609ba0,0x00000006ce800000)
 Metaspace       used 20763K, capacity 20992K, committed 21296K, reserved 1067008K
  class space    used 2804K, capacity 2895K, committed 2944K, reserved 1048576K
Event: 2856.265 GC heap after
Heap after GC invocations=1316 (full 17):
 PSYoungGen      total 1272832K, used 58560K [0x000000076af00000, 0x00000007bfc00000, 0x00000007c0000000)
  eden space 1159168K, 0% used [0x000000076af00000,0x000000076af00000,0x00000007b1b00000)
  from space 113664K, 51% used [0x00000007b1b00000,0x00000007b5430000,0x00000007b8a00000)
  to   space 112128K, 0% used [0x00000007b8e80000,0x00000007b8e80000,0x00000007bfc00000)
 ParOldGen       total 225280K, used 141350K [0x00000006c0c00000, 0x00000006ce800000, 0x000000076af00000)
  object space 225280K, 62% used [0x00000006c0c00000,0x00000006c9609ba0,0x00000006ce800000)
 Metaspace       used 20763K, capacity 20992K, committed 21296K, reserved 1067008K
  class space    used 2804K, capacity 2895K, committed 2944K, reserved 1048576K
}
Event: 2860.359 GC heap before
{Heap before GC invocations=1317 (full 17):
 PSYoungGen      total 1272832K, used 1217728K [0x000000076af00000, 0x00000007bfc00000, 0x00000007c0000000)
  eden space 1159168K, 100% used [0x000000076af00000,0x00000007b1b00000,0x00000007b1b00000)
  from space 113664K, 51% used [0x00000007b1b00000,0x00000007b5430000,0x00000007b8a00000)
  to   space 112128K, 0% used [0x00000007b8e80000,0x00000007b8e80000,0x00000007bfc00000)
 ParOldGen       total 225280K, used 141350K [0x00000006c0c00000, 0x00000006ce800000, 0x000000076af00000)
  object space 225280K, 62% used [0x00000006c0c00000,0x00000006c9609ba0,0x00000006ce800000)
 Metaspace       used 20763K, capacity 20992K, committed 21296K, reserved 1067008K
  class space    used 2804K, capacity 2895K, committed 2944K, reserved 1048576K
Event: 2860.392 GC heap after
Heap after GC invocations=1317 (full 17):
 PSYoungGen      total 1165824K, used 59360K [0x000000076af00000, 0x00000007bc880000, 0x00000007c0000000)
  eden space 1106432K, 0% used [0x000000076af00000,0x000000076af00000,0x00000007ae780000)
  from space 59392K, 99% used [0x00000007b8e80000,0x00000007bc878000,0x00000007bc880000)
  to   space 110592K, 0% used [0x00000007af080000,0x00000007af080000,0x00000007b5c80000)
 ParOldGen       total 225280K, used 141350K [0x00000006c0c00000, 0x00000006ce800000, 0x000000076af00000)
  object space 225280K, 62% used [0x00000006c0c00000,0x00000006c9609ba0,0x00000006ce800000)
 Metaspace       used 20763K, capacity 20992K, committed 21296K, reserved 1067008K
  class space    used 2804K, capacity 2895K, committed 2944K, reserved 1048576K
}
Event: 2864.210 GC heap before
{Heap before GC invocations=1318 (full 17):
 PSYoungGen      total 1165824K, used 1165792K [0x000000076af00000, 0x00000007bc880000, 0x00000007c0000000)
  eden space 1106432K, 100% used [0x000000076af00000,0x00000007ae780000,0x00000007ae780000)
  from space 59392K, 99% used [0x00000007b8e80000,0x00000007bc878000,0x00000007bc880000)
  to   space 110592K, 0% used [0x00000007af080000,0x00000007af080000,0x00000007b5c80000)
 ParOldGen       total 225280K, used 141350K [0x00000006c0c00000, 0x00000006ce800000, 0x000000076af00000)
  object space 225280K, 62% used [0x00000006c0c00000,0x00000006c9609ba0,0x00000006ce800000)
 Metaspace       used 20763K, capacity 20992K, committed 21296K, reserved 1067008K
  class space    used 2804K, capacity 2895K, committed 2944K, reserved 1048576K
Event: 2864.259 GC heap after
Heap after GC invocations=1318 (full 17):
 PSYoungGen      total 1226240K, used 86944K [0x000000076af00000, 0x00000007c0000000, 0x00000007c0000000)
  eden space 1115648K, 0% used [0x000000076af00000,0x000000076af00000,0x00000007af080000)
  from space 110592K, 78% used [0x00000007af080000,0x00000007b4568000,0x00000007b5c80000)
  to   space 112640K, 0% used [0x00000007b9200000,0x00000007b9200000,0x00000007c0000000)
 ParOldGen       total 225280K, used 141350K [0x00000006c0c00000, 0x00000006ce800000, 0x000000076af00000)
  object space 225280K, 62% used [0x00000006c0c00000,0x00000006c9609ba0,0x00000006ce800000)
 Metaspace       used 20763K, capacity 20992K, committed 21296K, reserved 1067008K
  class space    used 2804K, capacity 2895K, committed 2944K, reserved 1048576K
}

Deoptimization events (10 events):
Event: 5.000 Thread 0x00000000023de000 Uncommon trap: reason=predicate action=maybe_recompile pc=0x00000000029c6e64 method=java.util.AbstractCollection.toArray([Ljava/lang/Object;)[Ljava/lang/Object; @ 49
Event: 5.099 Thread 0x00000000023de000 Uncommon trap: reason=array_check action=maybe_recompile pc=0x00000000029be7f8 method=java.util.AbstractCollection.toArray([Ljava/lang/Object;)[Ljava/lang/Object; @ 119
Event: 5.099 Thread 0x00000000023de000 Uncommon trap: reason=array_check action=maybe_recompile pc=0x00000000029be7f8 method=java.util.AbstractCollection.toArray([Ljava/lang/Object;)[Ljava/lang/Object; @ 119
Event: 5.100 Thread 0x00000000023de000 Uncommon trap: reason=array_check action=maybe_recompile pc=0x00000000029be7f8 method=java.util.AbstractCollection.toArray([Ljava/lang/Object;)[Ljava/lang/Object; @ 119
Event: 5.100 Thread 0x00000000023de000 Uncommon trap: reason=array_check action=maybe_recompile pc=0x00000000029be7f8 method=java.util.AbstractCollection.toArray([Ljava/lang/Object;)[Ljava/lang/Object; @ 119
Event: 211.640 Thread 0x00000000023de000 Uncommon trap: reason=unstable_if action=reinterpret pc=0x000000000274adc0 method=java.util.TimSort.mergeHi(IIII)V @ 542
Event: 226.317 Thread 0x00000000023de000 Uncommon trap: reason=unstable_if action=reinterpret pc=0x00000000025e5870 method=java.util.TimSort.mergeLo(IIII)V @ 487
Event: 332.362 Thread 0x00000000023de000 Uncommon trap: reason=unstable_if action=reinterpret pc=0x00000000025caa54 method=java.util.Random.nextInt(I)I @ 58
Event: 432.605 Thread 0x00000000023de000 Uncommon trap: reason=unstable_if action=reinterpret pc=0x0000000002605748 method=sun.misc.FloatingDecimal$BinaryToASCIIBuffer.dtoa(IJIZ)V @ 1459
Event: 1199.649 Thread 0x000000001ee9c000 Uncommon trap: reason=unstable_if action=reinterpret pc=0x00000000025c5668 method=javax.swing.Timer.post()V @ 9

Classes redefined (0 events):
No events

Internal exceptions (10 events):
Event: 0.953 Thread 0x00000000023de000 Exception <a 'java/io/FileNotFoundException'> (0x000000076cdc6fd0) thrown at [C:\re\workspace\8-2-build-windows-amd64-cygwin\jdk8u211\12973\hotspot\src\share\vm\prims\jni.cpp, line 710]
Event: 0.976 Thread 0x00000000023de000 Exception <a 'java/lang/NoSuchFieldError': method resolution failed> (0x000000076ce90a10) thrown at [C:\re\workspace\8-2-build-windows-amd64-cygwin\jdk8u211\12973\hotspot\src\share\vm\prims\methodHandles.cpp, line 1167]
Event: 0.978 Thread 0x00000000023de000 Exception <a 'java/lang/NoSuchFieldError': method resolution failed> (0x000000076ce9e0d0) thrown at [C:\re\workspace\8-2-build-windows-amd64-cygwin\jdk8u211\12973\hotspot\src\share\vm\prims\methodHandles.cpp, line 1167]
Event: 1.125 Thread 0x00000000023de000 Exception <a 'java/io/FileNotFoundException'> (0x000000076d2cb470) thrown at [C:\re\workspace\8-2-build-windows-amd64-cygwin\jdk8u211\12973\hotspot\src\share\vm\prims\jni.cpp, line 710]
Event: 1.754 Thread 0x00000000023de000 Implicit null exception at 0x0000000002636896 to 0x0000000002636c45
Event: 1.755 Thread 0x00000000023de000 Implicit null exception at 0x00000000025b36d9 to 0x00000000025b3ab1
Event: 1.763 Thread 0x00000000023de000 Implicit null exception at 0x00000000026b3155 to 0x00000000026b3355
Event: 1.763 Thread 0x00000000023de000 Implicit null exception at 0x00000000026bdffb to 0x00000000026be655
Event: 1.767 Thread 0x00000000023de000 Implicit null exception at 0x0000000002667fef to 0x0000000002668059
Event: 2.191 Thread 0x000000001f0d9800 Implicit null exception at 0x00000000027dae94 to 0x00000000027daf81

Events (10 events):
Event: 2848.032 Executing VM operation: ParallelGCFailedAllocation
Event: 2848.069 Executing VM operation: ParallelGCFailedAllocation done
Event: 2852.097 Executing VM operation: ParallelGCFailedAllocation
Event: 2852.132 Executing VM operation: ParallelGCFailedAllocation done
Event: 2856.237 Executing VM operation: ParallelGCFailedAllocation
Event: 2856.265 Executing VM operation: ParallelGCFailedAllocation done
Event: 2860.359 Executing VM operation: ParallelGCFailedAllocation
Event: 2860.392 Executing VM operation: ParallelGCFailedAllocation done
Event: 2864.210 Executing VM operation: ParallelGCFailedAllocation
Event: 2864.259 Executing VM operation: ParallelGCFailedAllocation done


Dynamic libraries:
0x00007ff72b2a0000 - 0x00007ff72b2d7000 	C:\Program Files\Java\jdk1.8.0_211\bin\javaw.exe
0x00007ffc466a0000 - 0x00007ffc46881000 	C:\WINDOWS\SYSTEM32\ntdll.dll
0x00007ffc3ab50000 - 0x00007ffc3ab62000 	C:\Program Files\AVAST Software\Avast\aswhook.dll
0x00007ffc44ae0000 - 0x00007ffc44b91000 	C:\WINDOWS\System32\KERNEL32.DLL
0x00007ffc42c40000 - 0x00007ffc42eb3000 	C:\WINDOWS\System32\KERNELBASE.dll
0x00007ffc46090000 - 0x00007ffc46131000 	C:\WINDOWS\System32\ADVAPI32.dll
0x00007ffc43f10000 - 0x00007ffc43fae000 	C:\WINDOWS\System32\msvcrt.dll
0x00007ffc449e0000 - 0x00007ffc44a3b000 	C:\WINDOWS\System32\sechost.dll
0x00007ffc44220000 - 0x00007ffc44344000 	C:\WINDOWS\System32\RPCRT4.dll
0x00007ffc44080000 - 0x00007ffc44210000 	C:\WINDOWS\System32\USER32.dll
0x00007ffc43b10000 - 0x00007ffc43b30000 	C:\WINDOWS\System32\win32u.dll
0x00007ffc44350000 - 0x00007ffc44378000 	C:\WINDOWS\System32\GDI32.dll
0x00007ffc42fc0000 - 0x00007ffc43151000 	C:\WINDOWS\System32\gdi32full.dll
0x00007ffc42a70000 - 0x00007ffc42b0f000 	C:\WINDOWS\System32\msvcp_win.dll
0x00007ffc42ec0000 - 0x00007ffc42fb8000 	C:\WINDOWS\System32\ucrtbase.dll
0x00007ffc2db50000 - 0x00007ffc2ddb9000 	C:\WINDOWS\WinSxS\amd64_microsoft.windows.common-controls_6595b64144ccf1df_6.0.17134.885_none_fb42a3473065565f\COMCTL32.dll
0x00007ffc43b30000 - 0x00007ffc43e52000 	C:\WINDOWS\System32\combase.dll
0x00007ffc42bc0000 - 0x00007ffc42c39000 	C:\WINDOWS\System32\bcryptPrimitives.dll
0x00007ffc44ba0000 - 0x00007ffc44bcd000 	C:\WINDOWS\System32\IMM32.DLL
0x000000006fab0000 - 0x000000006fb82000 	C:\Program Files\Java\jdk1.8.0_211\bin\msvcr100.dll
0x000000006e020000 - 0x000000006e8c5000 	C:\Program Files\Java\jdk1.8.0_211\bin\server\jvm.dll
0x00007ffc44380000 - 0x00007ffc44388000 	C:\WINDOWS\System32\PSAPI.DLL
0x00007ffc38b40000 - 0x00007ffc38b49000 	C:\WINDOWS\SYSTEM32\WSOCK32.dll
0x00007ffc443a0000 - 0x00007ffc4440c000 	C:\WINDOWS\System32\WS2_32.dll
0x00007ffc3f420000 - 0x00007ffc3f443000 	C:\WINDOWS\SYSTEM32\WINMM.dll
0x00007ffc3d590000 - 0x00007ffc3d59a000 	C:\WINDOWS\SYSTEM32\VERSION.dll
0x00007ffc3f3f0000 - 0x00007ffc3f41a000 	C:\WINDOWS\SYSTEM32\WINMMBASE.dll
0x00007ffc43160000 - 0x00007ffc431a9000 	C:\WINDOWS\System32\cfgmgr32.dll
0x00007ffc256f0000 - 0x00007ffc256ff000 	C:\Program Files\Java\jdk1.8.0_211\bin\verify.dll
0x00007ffc068d0000 - 0x00007ffc068f9000 	C:\Program Files\Java\jdk1.8.0_211\bin\java.dll
0x00007ffc18e70000 - 0x00007ffc18e86000 	C:\Program Files\Java\jdk1.8.0_211\bin\zip.dll
0x00007ffc44c50000 - 0x00007ffc46090000 	C:\WINDOWS\System32\SHELL32.dll
0x00007ffc43e60000 - 0x00007ffc43f09000 	C:\WINDOWS\System32\shcore.dll
0x00007ffc431b0000 - 0x00007ffc438bd000 	C:\WINDOWS\System32\windows.storage.dll
0x00007ffc46310000 - 0x00007ffc46361000 	C:\WINDOWS\System32\shlwapi.dll
0x00007ffc42a50000 - 0x00007ffc42a61000 	C:\WINDOWS\System32\kernel.appcore.dll
0x00007ffc42a20000 - 0x00007ffc42a3f000 	C:\WINDOWS\System32\profapi.dll
0x00007ffc429b0000 - 0x00007ffc429fc000 	C:\WINDOWS\System32\powrprof.dll
0x00007ffc42a40000 - 0x00007ffc42a4a000 	C:\WINDOWS\System32\FLTLIB.DLL
0x00007ffc3e810000 - 0x00007ffc3e81d000 	C:\Program Files\Java\jdk1.8.0_211\bin\management.dll
0x00007ffc08320000 - 0x00007ffc0833a000 	C:\Program Files\Java\jdk1.8.0_211\bin\net.dll
0x00007ffc33d80000 - 0x00007ffc33f49000 	C:\WINDOWS\SYSTEM32\urlmon.dll
0x00007ffc38350000 - 0x00007ffc385f6000 	C:\WINDOWS\SYSTEM32\iertutil.dll
0x00007ffc42400000 - 0x00007ffc4240b000 	C:\WINDOWS\SYSTEM32\CRYPTBASE.DLL
0x00007ffc42230000 - 0x00007ffc42296000 	C:\WINDOWS\system32\mswsock.dll
0x00007ffc2aea0000 - 0x00007ffc2aeb6000 	C:\WINDOWS\system32\napinsp.dll
0x00007ffc2ae80000 - 0x00007ffc2ae9a000 	C:\WINDOWS\system32\pnrpnsp.dll
0x00007ffc3d2d0000 - 0x00007ffc3d2e9000 	C:\WINDOWS\system32\NLAapi.dll
0x00007ffc42000000 - 0x00007ffc420be000 	C:\WINDOWS\SYSTEM32\DNSAPI.dll
0x00007ffc44390000 - 0x00007ffc44398000 	C:\WINDOWS\System32\NSI.dll
0x00007ffc41fc0000 - 0x00007ffc41ff8000 	C:\WINDOWS\SYSTEM32\IPHLPAPI.DLL
0x00007ffc2ae70000 - 0x00007ffc2ae7e000 	C:\WINDOWS\System32\winrnr.dll
0x00007ffc3c980000 - 0x00007ffc3c995000 	C:\WINDOWS\System32\wshbth.dll
0x00007ffc39e00000 - 0x00007ffc39e0a000 	C:\Windows\System32\rasadhlp.dll
0x00007ffc39e10000 - 0x00007ffc39e82000 	C:\WINDOWS\System32\fwpuclnt.dll
0x00007ffc42510000 - 0x00007ffc42535000 	C:\WINDOWS\SYSTEM32\bcrypt.dll
0x00007ffc3baf0000 - 0x00007ffc3bb06000 	C:\WINDOWS\SYSTEM32\dhcpcsvc6.DLL
0x00007ffc3c790000 - 0x00007ffc3c7aa000 	C:\WINDOWS\SYSTEM32\dhcpcsvc.DLL
0x00007ffc423e0000 - 0x00007ffc423f7000 	C:\WINDOWS\SYSTEM32\CRYPTSP.dll
0x00007ffc41e20000 - 0x00007ffc41e53000 	C:\WINDOWS\system32\rsaenh.dll
0x00007ffc428e0000 - 0x00007ffc42908000 	C:\WINDOWS\SYSTEM32\USERENV.dll
0x00007ffc066c0000 - 0x00007ffc066d2000 	C:\Program Files\Java\jdk1.8.0_211\bin\nio.dll
0x00007ffc18820000 - 0x00007ffc189b9000 	C:\Program Files\Java\jdk1.8.0_211\bin\awt.dll
0x00007ffc43fb0000 - 0x00007ffc44072000 	C:\WINDOWS\System32\OLEAUT32.dll
0x00007ffc40d50000 - 0x00007ffc40ddb000 	C:\WINDOWS\SYSTEM32\apphelp.dll
0x00007ffc40e80000 - 0x00007ffc40f18000 	C:\WINDOWS\system32\uxtheme.dll
0x00007ffc44410000 - 0x00007ffc44583000 	C:\WINDOWS\System32\MSCTF.dll
0x00007ffc41160000 - 0x00007ffc41189000 	C:\WINDOWS\system32\dwmapi.dll
0x00007ffc46370000 - 0x00007ffc464c1000 	C:\WINDOWS\System32\ole32.dll
0x00007ffc1f990000 - 0x00007ffc1fab0000 	C:\WINDOWS\system32\opengl32.dll
0x00007ffc3d3a0000 - 0x00007ffc3d3cc000 	C:\WINDOWS\SYSTEM32\GLU32.dll
0x00007ffc01940000 - 0x00007ffc01ad7000 	C:\WINDOWS\system32\d3d9.dll
0x00007ffc3ca00000 - 0x00007ffc3caee000 	C:\WINDOWS\System32\DriverStore\FileRepository\nvami.inf_amd64_f8b82ab5d86df599\nvldumdx.dll
0x00007ffc43920000 - 0x00007ffc43b02000 	C:\WINDOWS\System32\crypt32.dll
0x00007ffc42a00000 - 0x00007ffc42a12000 	C:\WINDOWS\System32\MSASN1.dll
0x00007ffc438c0000 - 0x00007ffc43917000 	C:\WINDOWS\System32\WINTRUST.DLL
0x00007ffc46290000 - 0x00007ffc462ad000 	C:\WINDOWS\System32\imagehlp.dll
0x00007ffbf0c50000 - 0x00007ffbf2037000 	C:\WINDOWS\System32\DriverStore\FileRepository\nvami.inf_amd64_f8b82ab5d86df599\nvd3dumx.dll
0x00007ffc31660000 - 0x00007ffc316a9000 	C:\Program Files\Java\jdk1.8.0_211\bin\fontmanager.dll
0x00007ffc38f80000 - 0x00007ffc39016000 	C:\WINDOWS\System32\TextInputFramework.dll
0x00007ffc3d9e0000 - 0x00007ffc3dcfe000 	C:\WINDOWS\System32\CoreUIComponents.dll
0x00007ffc40b50000 - 0x00007ffc40c2a000 	C:\WINDOWS\System32\CoreMessaging.dll
0x00007ffc41ab0000 - 0x00007ffc41ae1000 	C:\WINDOWS\SYSTEM32\ntmarta.dll
0x00007ffc3ed50000 - 0x00007ffc3ee9d000 	C:\WINDOWS\SYSTEM32\wintypes.dll
0x00007ffc2d0b0000 - 0x00007ffc2d0f2000 	C:\Program Files\Java\jdk1.8.0_211\bin\t2k.dll
0x00007ffc3c7b0000 - 0x00007ffc3c979000 	C:\WINDOWS\SYSTEM32\dbghelp.dll

VM Arguments:
jvm_args: -Djava.library.path=F:\eclipse-workspace\Snake\jni -Dfile.encoding=UTF-8 
java_command: com.paulgeorge.neat.snake.SnakeNet
java_class_path (initial): F:\eclipse-workspace\NEAT_AI\bin;F:\eclipse-workspace\Snake\bin;F:\eclipse-workspace\Snake\lib\libtensorflow-1.14.0.jar;F:\eclipse-workspace\NEAT_AI\lib\log4j-api-2.12.1-javadoc.jar;F:\eclipse-workspace\NEAT_AI\lib\log4j-api-2.12.1-sources.jar;F:\eclipse-workspace\NEAT_AI\lib\log4j-api-2.12.1.jar;F:\eclipse-workspace\NEAT_AI\lib\log4j-core-2.12.1-javadoc.jar;F:\eclipse-workspace\NEAT_AI\lib\log4j-core-2.12.1-sources.jar;F:\eclipse-workspace\NEAT_AI\lib\log4j-core-2.12.1-tests.jar;F:\eclipse-workspace\NEAT_AI\lib\log4j-core-2.12.1.jar;F:\eclipse-workspace\NEAT_AI\lib\gs-core-1.3-javadoc.jar;F:\eclipse-workspace\NEAT_AI\lib\gs-core-1.3-sources.jar;F:\eclipse-workspace\NEAT_AI\lib\gs-core-1.3.jar;F:\eclipse-workspace\NEAT_AI\lib\gs-algo-1.3-javadoc.jar;F:\eclipse-workspace\NEAT_AI\lib\gs-algo-1.3-sources.jar;F:\eclipse-workspace\NEAT_AI\lib\gs-algo-1.3.jar;F:\eclipse-workspace\NEAT_AI\lib\gs-ui-1.3-javadoc.jar;F:\eclipse-workspace\NEAT_AI\lib\gs-ui-1.3-sources.jar;F:\eclipse-workspace\NEAT_AI\lib\gs-ui-1.3.jar
Launcher Type: SUN_STANDARD

Environment Variables:
CLASSPATH=.;.;F:\Program Files (x86)\JMF2.1.1e\lib\sound.jar;F:\Program Files (x86)\JMF2.1.1e\lib\jmf.jar;F:\Program Files (x86)\JMF2.1.1e\lib;
PATH=C:/Program Files/Java/jdk1.8.0_211/bin/server;C:/Program Files/Java/jdk1.8.0_211/bin;C:/Program Files/Java/jdk1.8.0_211/lib/amd64;C:\Program Files (x86)\Common Files\Oracle\Java\javapath;C:\WINDOWS\system32;C:\WINDOWS;C:\WINDOWS\System32\Wbem;C:\WINDOWS\System32\WindowsPowerShell\v1.0\;C:\WINDOWS\System32\OpenSSH\;F:\Program Files\Amazon\AWSCLI\bin\;C:\Program Files\Git\cmd;F:\Program Files (x86)\Python\Python37\Scripts\;F:\Program Files (x86)\Python\Python37\;C:\Users\Paul\AppData\Local\Microsoft\WindowsApps;;C:\WINDOWS\system32;
USERNAME=Paul
OS=Windows_NT
PROCESSOR_IDENTIFIER=Intel64 Family 6 Model 60 Stepping 3, GenuineIntel



---------------  S Y S T E M  ---------------

OS: Windows 10.0 , 64 bit Build 17134 (10.0.17134.753)

CPU:total 8 (initial active 8) (4 cores per cpu, 2 threads per core) family 6 model 60 stepping 3, cmov, cx8, fxsr, mmx, sse, sse2, sse3, ssse3, sse4.1, sse4.2, popcnt, avx, avx2, aes, clmul, erms, lzcnt, ht, tsc, tscinvbit, bmi1, bmi2

Memory: 4k page, physical 16725100k(9307696k free), swap 19215468k(10577300k free)

vm_info: Java HotSpot(TM) 64-Bit Server VM (25.211-b12) for windows-amd64 JRE (1.8.0_211-b12), built on Apr  1 2019 20:53:26 by "java_re" with MS VC++ 10.0 (VS2010)

time: Tue Aug 13 17:19:41 2019
timezone: Eastern Daylight Time
elapsed time: 2864 seconds (0d 0h 47m 44s)

